[debug] [2019-03-27T01:37:53.114Z] ----------------------------------------------------------------------
[debug] [2019-03-27T01:37:53.117Z] Command:       C:\Program Files\nodejs\node.exe C:\Users\PC\AppData\Roaming\npm\node_modules\firebase-tools\lib\bin\firebase.js init
[debug] [2019-03-27T01:37:53.117Z] CLI Version:   6.5.0
[debug] [2019-03-27T01:37:53.117Z] Platform:      win32
[debug] [2019-03-27T01:37:53.117Z] Node Version:  v10.15.3
[debug] [2019-03-27T01:37:53.118Z] Time:          Wed Mar 27 2019 04:37:53 GMT+0300 (GMT+03:00)
[debug] [2019-03-27T01:37:53.118Z] ----------------------------------------------------------------------
[debug] 
[debug] [2019-03-27T01:37:53.125Z] > command requires scopes: ["email","openid","https://www.googleapis.com/auth/cloudplatformprojects.readonly","https://www.googleapis.com/auth/firebase","https://www.googleapis.com/auth/cloud-platform"]
[debug] [2019-03-27T01:37:53.126Z] > authorizing via signed-in user
[info] 
     ######## #### ########  ######## ########     ###     ######  ########
     ##        ##  ##     ## ##       ##     ##  ##   ##  ##       ##
     ######    ##  ########  ######   ########  #########  ######  ######
     ##        ##  ##    ##  ##       ##     ## ##     ##       ## ##
     ##       #### ##     ## ######## ########  ##     ##  ######  ########

You're about to initialize a Firebase project in this directory:

  K:\business-casual

[info] 
=== Project Setup
[info] 
[info] First, let's associate this project directory with a Firebase project.
[info] You can create multiple project aliases by running firebase use --add, 
[info] but for now we'll just set up a default project.
[info] 
[debug] [2019-03-27T01:38:07.239Z] >>> HTTP REQUEST GET https://firebase.googleapis.com/v1beta1/projects?page_size=100  
 
[debug] [2019-03-27T01:38:08.311Z] <<< HTTP RESPONSE 200
[info] i  Using project fir-work1-b1d16 (firebase-work1)
[info] 
=== Hosting Setup
[info] 
[info] Your public directory is the folder (relative to your project directory) that
[info] will contain Hosting assets to be uploaded with firebase deploy. If you
[info] have a build process for your assets, use your build's output directory.
[info] 
[debug] [2019-03-27T01:39:04.606Z] >>> HTTP REQUEST GET https://www.gstatic.com/firebasejs/releases.json  
 
[debug] [2019-03-27T01:39:04.906Z] <<< HTTP RESPONSE 200
[debug] [2019-03-27T01:39:06.715Z] Error: EEXIST: file already exists, mkdir 'K:\business-casual'
    at Object.mkdirSync (fs.js:752:3)
    at mkdirsSync (C:\Users\PC\AppData\Roaming\npm\node_modules\firebase-tools\node_modules\fs-extra\lib\mkdirs\mkdirs-sync.js:22:9)
    at mkdirsSync (C:\Users\PC\AppData\Roaming\npm\node_modules\firebase-tools\node_modules\fs-extra\lib\mkdirs\mkdirs-sync.js:27:16)
    at mkdirsSync (C:\Users\PC\AppData\Roaming\npm\node_modules\firebase-tools\node_modules\fs-extra\lib\mkdirs\mkdirs-sync.js:28:9)
    at mkdirsSync (C:\Users\PC\AppData\Roaming\npm\node_modules\firebase-tools\node_modules\fs-extra\lib\mkdirs\mkdirs-sync.js:28:9)
    at mkdirsSync (C:\Users\PC\AppData\Roaming\npm\node_modules\firebase-tools\node_modules\fs-extra\lib\mkdirs\mkdirs-sync.js:28:9)
    at mkdirsSync (C:\Users\PC\AppData\Roaming\npm\node_modules\firebase-tools\node_modules\fs-extra\lib\mkdirs\mkdirs-sync.js:28:9)
    at mkdirsSync (C:\Users\PC\AppData\Roaming\npm\node_modules\firebase-tools\node_modules\fs-extra\lib\mkdirs\mkdirs-sync.js:28:9)
    at mkdirsSync (C:\Users\PC\AppData\Roaming\npm\node_modules\firebase-tools\node_modules\fs-extra\lib\mkdirs\mkdirs-sync.js:28:9)
    at mkdirsSync (C:\Users\PC\AppData\Roaming\npm\node_modules\firebase-tools\node_modules\fs-extra\lib\mkdirs\mkdirs-sync.js:28:9)
[error] 
[error] Error: An unexpected error has occurred.
[debug] [2019-03-27T01:39:15.396Z] ----------------------------------------------------------------------
[debug] [2019-03-27T01:39:15.399Z] Command:       C:\Program Files\nodejs\node.exe C:\Users\PC\AppData\Roaming\npm\node_modules\firebase-tools\lib\bin\firebase.js init
[debug] [2019-03-27T01:39:15.399Z] CLI Version:   6.5.0
[debug] [2019-03-27T01:39:15.399Z] Platform:      win32
[debug] [2019-03-27T01:39:15.399Z] Node Version:  v10.15.3
[debug] [2019-03-27T01:39:15.400Z] Time:          Wed Mar 27 2019 04:39:15 GMT+0300 (GMT+03:00)
[debug] [2019-03-27T01:39:15.400Z] ----------------------------------------------------------------------
[debug] 
[debug] [2019-03-27T01:39:15.407Z] > command requires scopes: ["email","openid","https://www.googleapis.com/auth/cloudplatformprojects.readonly","https://www.googleapis.com/auth/firebase","https://www.googleapis.com/auth/cloud-platform"]
[debug] [2019-03-27T01:39:15.408Z] > authorizing via signed-in user
[info] 
     ######## #### ########  ######## ########     ###     ######  ########
     ##        ##  ##     ## ##       ##     ##  ##   ##  ##       ##
     ######    ##  ########  ######   ########  #########  ######  ######
     ##        ##  ##    ##  ##       ##     ## ##     ##       ## ##
     ##       #### ##     ## ######## ########  ##     ##  ######  ########

You're about to initialize a Firebase project in this directory:

  K:\business-casual

[info] 
=== Project Setup
[info] 
[info] First, let's associate this project directory with a Firebase project.
[info] You can create multiple project aliases by running firebase use --add, 
[info] but for now we'll just set up a default project.
[info] 
[debug] [2019-03-27T01:39:27.222Z] >>> HTTP REQUEST GET https://firebase.googleapis.com/v1beta1/projects?page_size=100  
 
[debug] [2019-03-27T01:39:27.934Z] <<< HTTP RESPONSE 200
[info] 
=== Hosting Setup
[info] 
[info] Your public directory is the folder (relative to your project directory) that
[info] will contain Hosting assets to be uploaded with firebase deploy. If you
[info] have a build process for your assets, use your build's output directory.
[info] 
[debug] [2019-03-27T01:40:34.537Z] Error: EEXIST: file already exists, mkdir 'K:\business-casual'
    at Object.mkdirSync (fs.js:752:3)
    at mkdirsSync (C:\Users\PC\AppData\Roaming\npm\node_modules\firebase-tools\node_modules\fs-extra\lib\mkdirs\mkdirs-sync.js:22:9)
    at mkdirsSync (C:\Users\PC\AppData\Roaming\npm\node_modules\firebase-tools\node_modules\fs-extra\lib\mkdirs\mkdirs-sync.js:27:16)
    at mkdirsSync (C:\Users\PC\AppData\Roaming\npm\node_modules\firebase-tools\node_modules\fs-extra\lib\mkdirs\mkdirs-sync.js:28:9)
    at mkdirsSync (C:\Users\PC\AppData\Roaming\npm\node_modules\firebase-tools\node_modules\fs-extra\lib\mkdirs\mkdirs-sync.js:28:9)
    at mkdirsSync (C:\Users\PC\AppData\Roaming\npm\node_modules\firebase-tools\node_modules\fs-extra\lib\mkdirs\mkdirs-sync.js:28:9)
    at mkdirsSync (C:\Users\PC\AppData\Roaming\npm\node_modules\firebase-tools\node_modules\fs-extra\lib\mkdirs\mkdirs-sync.js:28:9)
    at mkdirsSync (C:\Users\PC\AppData\Roaming\npm\node_modules\firebase-tools\node_modules\fs-extra\lib\mkdirs\mkdirs-sync.js:28:9)
    at mkdirsSync (C:\Users\PC\AppData\Roaming\npm\node_modules\firebase-tools\node_modules\fs-extra\lib\mkdirs\mkdirs-sync.js:28:9)
    at mkdirsSync (C:\Users\PC\AppData\Roaming\npm\node_modules\firebase-tools\node_modules\fs-extra\lib\mkdirs\mkdirs-sync.js:28:9)
[error] 
[error] Error: An unexpected error has occurred.
